<?xml version="1.0" encoding="UTF-8"?>
<testng-results ignored="0" total="5" passed="4" failed="1" skipped="0">
  <reporter-output>
  </reporter-output>
  <suite started-at="2024-04-18T10:50:02 IST" name="Default suite" finished-at="2024-04-18T10:51:32 IST" duration-ms="90006">
    <groups>
      <group name="cucumber">
        <method signature="AbstractTestNGCucumberTests.runScenario(io.cucumber.testng.PickleWrapper,io.cucumber.testng.FeatureWrapper)[pri:0, instance:Runner.Runner@239a307b]" name="runScenario" class="io.cucumber.testng.AbstractTestNGCucumberTests"/>
      </group> <!-- cucumber -->
    </groups>
    <test started-at="2024-04-18T10:50:02 IST" name="Default test" finished-at="2024-04-18T10:51:32 IST" duration-ms="90006">
      <class name="Runner.Runner">
        <test-method is-config="true" signature="setUpClass(org.testng.ITestContext)[pri:0, instance:Runner.Runner@239a307b]" started-at="2024-04-18T10:50:02 IST" name="setUpClass" finished-at="2024-04-18T10:50:02 IST" duration-ms="586" status="PASS">
          <params>
            <param index="0">
              <value>
                <![CDATA[org.testng.TestRunner@5bad555b]]>
              </value>
            </param>
          </params>
          <reporter-output>
          </reporter-output>
        </test-method> <!-- setUpClass -->
        <test-method signature="runScenario(io.cucumber.testng.PickleWrapper,io.cucumber.testng.FeatureWrapper)[pri:0, instance:Runner.Runner@239a307b]" started-at="2024-04-18T10:50:02 IST" name="runScenario" description="Runs Cucumber Scenarios" data-provider="scenarios" finished-at="2024-04-18T10:50:20 IST" duration-ms="17600" status="PASS">
          <params>
            <param index="0">
              <value>
                <![CDATA["To check OneWay functionality of cab option"]]>
              </value>
            </param>
            <param index="1">
              <value>
                <![CDATA["To check the functionality of Cabs section of MakeMyTrip"]]>
              </value>
            </param>
          </params>
          <reporter-output>
          </reporter-output>
        </test-method> <!-- runScenario -->
        <test-method signature="runScenario(io.cucumber.testng.PickleWrapper,io.cucumber.testng.FeatureWrapper)[pri:0, instance:Runner.Runner@239a307b]" started-at="2024-04-18T10:50:20 IST" name="runScenario" description="Runs Cucumber Scenarios" data-provider="scenarios" finished-at="2024-04-18T10:50:37 IST" duration-ms="17551" status="PASS">
          <params>
            <param index="0">
              <value>
                <![CDATA["To verify Outstation Round-Trip functionality of cab option"]]>
              </value>
            </param>
            <param index="1">
              <value>
                <![CDATA["To check the functionality of Cabs section of MakeMyTrip"]]>
              </value>
            </param>
          </params>
          <reporter-output>
          </reporter-output>
        </test-method> <!-- runScenario -->
        <test-method signature="runScenario(io.cucumber.testng.PickleWrapper,io.cucumber.testng.FeatureWrapper)[pri:0, instance:Runner.Runner@239a307b]" started-at="2024-04-18T10:50:37 IST" name="runScenario" description="Runs Cucumber Scenarios" data-provider="scenarios" finished-at="2024-04-18T10:50:54 IST" duration-ms="16868" status="PASS">
          <params>
            <param index="0">
              <value>
                <![CDATA["To verfiy Airport Transfer functionality of cab option"]]>
              </value>
            </param>
            <param index="1">
              <value>
                <![CDATA["To check the functionality of Cabs section of MakeMyTrip"]]>
              </value>
            </param>
          </params>
          <reporter-output>
          </reporter-output>
        </test-method> <!-- runScenario -->
        <test-method signature="runScenario(io.cucumber.testng.PickleWrapper,io.cucumber.testng.FeatureWrapper)[pri:0, instance:Runner.Runner@239a307b]" started-at="2024-04-18T10:50:54 IST" name="runScenario" description="Runs Cucumber Scenarios" data-provider="scenarios" finished-at="2024-04-18T10:51:13 IST" duration-ms="18325" status="PASS">
          <params>
            <param index="0">
              <value>
                <![CDATA["To verify the Hourly Rental functionality of cab option"]]>
              </value>
            </param>
            <param index="1">
              <value>
                <![CDATA["To check the functionality of Cabs section of MakeMyTrip"]]>
              </value>
            </param>
          </params>
          <reporter-output>
          </reporter-output>
        </test-method> <!-- runScenario -->
        <test-method signature="runScenario(io.cucumber.testng.PickleWrapper,io.cucumber.testng.FeatureWrapper)[pri:0, instance:Runner.Runner@239a307b]" started-at="2024-04-18T10:51:13 IST" name="runScenario" description="Runs Cucumber Scenarios" data-provider="scenarios" finished-at="2024-04-18T10:51:31 IST" duration-ms="18654" status="FAIL">
          <params>
            <param index="0">
              <value>
                <![CDATA["To verify  Airport transfer functionality of To the Airport."]]>
              </value>
            </param>
            <param index="1">
              <value>
                <![CDATA["To check the functionality of Cabs section of MakeMyTrip"]]>
              </value>
            </param>
          </params>
          <exception class="java.lang.AssertionError">
            <message>
              <![CDATA[expected [true] but found [false]]]>
            </message>
            <full-stacktrace>
              <![CDATA[java.lang.AssertionError: expected [true] but found [false]
at org.testng.Assert.fail(Assert.java:111)
at org.testng.Assert.failNotEquals(Assert.java:1578)
at org.testng.Assert.assertTrue(Assert.java:57)
at org.testng.Assert.assertTrue(Assert.java:67)
at StepDefinition.CabStepDef.list_of_cabs_are_displayed(CabStepDef.java:221)
at âœ½.list of cabs are displayed(file:///C:/Users/ALATIWAR/Desktop/Sprint/MakeMyTrip_Cab/src/test/resources/feature/cabtest.feature:65)
]]>
            </full-stacktrace>
          </exception> <!-- java.lang.AssertionError -->
          <reporter-output>
          </reporter-output>
        </test-method> <!-- runScenario -->
        <test-method is-config="true" signature="tearDownClass()[pri:0, instance:Runner.Runner@239a307b]" started-at="2024-04-18T10:51:31 IST" name="tearDownClass" finished-at="2024-04-18T10:51:32 IST" duration-ms="369" status="PASS">
          <reporter-output>
          </reporter-output>
        </test-method> <!-- tearDownClass -->
      </class> <!-- Runner.Runner -->
    </test> <!-- Default test -->
  </suite> <!-- Default suite -->
</testng-results>
